<?xml version="1.0" encoding="UTF-8"?>
<testng-results ignored="0" total="1" passed="1" failed="0" skipped="0">
  <reporter-output>
  </reporter-output>
  <suite started-at="2024-01-02T19:44:06 IST" name="Default suite" finished-at="2024-01-02T19:44:17 IST" duration-ms="11116">
    <groups>
      <group name="cucumber">
        <method signature="AbstractTestNGCucumberTests.runScenario(io.cucumber.testng.PickleWrapper,io.cucumber.testng.FeatureWrapper)[pri:0, instance:Runner.TestNGRunner@41d477ed]" name="runScenario" class="io.cucumber.testng.AbstractTestNGCucumberTests"/>
      </group> <!-- cucumber -->
    </groups>
    <test started-at="2024-01-02T19:44:06 IST" name="Default test" finished-at="2024-01-02T19:44:17 IST" duration-ms="11116">
      <class name="Runner.TestNGRunner">
        <test-method is-config="true" signature="setUpClass(org.testng.ITestContext)[pri:0, instance:Runner.TestNGRunner@41d477ed]" started-at="2024-01-02T19:44:06 IST" name="setUpClass" finished-at="2024-01-02T19:44:06 IST" duration-ms="181" status="PASS">
          <params>
            <param index="0">
              <value>
                <![CDATA[org.testng.TestRunner@39bbd9e0]]>
              </value>
            </param>
          </params>
          <reporter-output>
          </reporter-output>
        </test-method> <!-- setUpClass -->
        <test-method signature="runScenario(io.cucumber.testng.PickleWrapper,io.cucumber.testng.FeatureWrapper)[pri:0, instance:Runner.TestNGRunner@41d477ed]" started-at="2024-01-02T19:44:06 IST" name="runScenario" description="Runs Cucumber Scenarios" data-provider="scenarios" finished-at="2024-01-02T19:44:17 IST" duration-ms="10897" status="PASS">
          <params>
            <param index="0">
              <value>
                <![CDATA["Verify that the user enters the valid user name"]]>
              </value>
            </param>
            <param index="1">
              <value>
                <![CDATA["Verify DemoBlaze application"]]>
              </value>
            </param>
          </params>
          <reporter-output>
          </reporter-output>
        </test-method> <!-- runScenario -->
        <test-method is-config="true" signature="tearDownClass()[pri:0, instance:Runner.TestNGRunner@41d477ed]" started-at="2024-01-02T19:44:17 IST" name="tearDownClass" finished-at="2024-01-02T19:44:17 IST" duration-ms="2" status="PASS">
          <reporter-output>
          </reporter-output>
        </test-method> <!-- tearDownClass -->
      </class> <!-- Runner.TestNGRunner -->
    </test> <!-- Default test -->
  </suite> <!-- Default suite -->
</testng-results>
